<?xml version="1.0" encoding="UTF-8"?>
<testsuite xmlns:xsi="http://www.w3.org/2001/XMLSchema-instance" xsi:noNamespaceSchemaLocation="https://maven.apache.org/surefire/maven-surefire-plugin/xsd/surefire-test-report.xsd" name="com.sang.prosangserver.repositories.ITAccountRepositoryTest" time="3.929" tests="2" errors="0" skipped="0" failures="0">
  <properties>
[...]
</properties>
  <testcase name="testSelectAccount" classname="com.sang.prosangserver.repositories.ITAccountRepositoryTest" time="0.941"/>
  <testcase name="injectedComponentsAreNotNull" classname="com.sang.prosangserver.repositories.ITAccountRepositoryTest" time="0.738"/>
</testsuite>